2023-01-06 22:16:20:1620 info: Servidor corriendo en el puerto 3000
2023-01-06 22:16:21:1621 info: Coneccion con mongoDB establecida
2023-01-06 22:16:21:1621 info: Coneccion con mongoDB establecida
2023-01-06 23:07:12:712 info: Servidor corriendo en el puerto 3000
2023-01-06 23:07:13:713 info: Coneccion con mongoDB establecida
2023-01-06 23:07:13:713 info: Coneccion con mongoDB establecida
2023-01-06 23:09:04:94 info: Servidor corriendo en el puerto 3000
2023-01-06 23:09:05:95 info: Coneccion con mongoDB establecida
2023-01-06 23:09:05:95 info: Coneccion con mongoDB establecida
2023-01-06 23:11:33:1133 info: Servidor corriendo en el puerto 3000
2023-01-06 23:11:34:1134 info: Coneccion con mongoDB establecida
2023-01-06 23:11:34:1134 info: Coneccion con mongoDB establecida
2023-01-06 23:12:03:123 info: Servidor corriendo en el puerto 3000
2023-01-06 23:12:04:124 info: Coneccion con mongoDB establecida
2023-01-06 23:12:04:124 info: Coneccion con mongoDB establecida
2023-01-06 23:14:20:1420 info: Servidor corriendo en el puerto 3000
2023-01-06 23:14:21:1421 info: Coneccion con mongoDB establecida
2023-01-06 23:14:21:1421 info: Coneccion con mongoDB establecida
2023-01-06 23:14:33:1433 info: Servidor corriendo en el puerto 3000
2023-01-06 23:14:34:1434 info: Coneccion con mongoDB establecida
2023-01-06 23:14:34:1434 info: Coneccion con mongoDB establecida
2023-01-06 23:14:58:1458 info: Servidor corriendo en el puerto 3000
2023-01-06 23:14:59:1459 info: Coneccion con mongoDB establecida
2023-01-06 23:14:59:1459 info: Coneccion con mongoDB establecida
2023-01-06 23:15:25:1525 info: Servidor corriendo en el puerto 3000
2023-01-06 23:15:26:1526 info: Coneccion con mongoDB establecida
2023-01-06 23:15:26:1526 info: Coneccion con mongoDB establecida
2023-01-06 23:15:56:1556 info: Servidor corriendo en el puerto 3000
2023-01-06 23:15:57:1557 info: Coneccion con mongoDB establecida
2023-01-06 23:15:57:1557 info: Coneccion con mongoDB establecida
2023-01-06 23:16:28:1628 info: Servidor corriendo en el puerto 3000
2023-01-06 23:16:34:1634 info: Coneccion con mongoDB establecida
2023-01-06 23:16:34:1634 info: Coneccion con mongoDB establecida
2023-01-06 23:16:47:1647 info: Servidor corriendo en el puerto 3000
2023-01-06 23:16:48:1648 info: Coneccion con mongoDB establecida
2023-01-06 23:16:48:1648 info: Coneccion con mongoDB establecida
2023-01-06 23:17:31:1731 info: Servidor corriendo en el puerto 3000
2023-01-06 23:17:32:1732 info: Coneccion con mongoDB establecida
2023-01-06 23:17:32:1732 info: Coneccion con mongoDB establecida
2023-01-06 23:18:30:1830 info: Servidor corriendo en el puerto 3000
2023-01-06 23:18:31:1831 info: Coneccion con mongoDB establecida
2023-01-06 23:18:31:1831 info: Coneccion con mongoDB establecida
2023-01-06 23:18:57:1857 info: Servidor corriendo en el puerto 3000
2023-01-06 23:18:58:1858 info: Coneccion con mongoDB establecida
2023-01-06 23:18:58:1858 info: Coneccion con mongoDB establecida
2023-01-06 23:19:11:1911 info: Servidor corriendo en el puerto 3000
2023-01-06 23:19:12:1912 info: Coneccion con mongoDB establecida
2023-01-06 23:19:12:1912 info: Coneccion con mongoDB establecida
2023-01-06 23:19:35:1935 info: Servidor corriendo en el puerto 3000
2023-01-06 23:19:36:1936 info: Coneccion con mongoDB establecida
2023-01-06 23:19:36:1936 info: Coneccion con mongoDB establecida
2023-01-06 23:20:12:2012 info: Servidor corriendo en el puerto 3000
2023-01-06 23:20:13:2013 info: Coneccion con mongoDB establecida
2023-01-06 23:20:13:2013 info: Coneccion con mongoDB establecida
2023-01-06 23:21:52:2152 info: Servidor corriendo en el puerto 3000
2023-01-06 23:21:53:2153 info: Coneccion con mongoDB establecida
2023-01-06 23:21:53:2153 info: Coneccion con mongoDB establecida
2023-01-06 23:23:45:2345 info: Servidor corriendo en el puerto 3000
2023-01-06 23:23:46:2346 info: Coneccion con mongoDB establecida
2023-01-06 23:23:46:2346 info: Coneccion con mongoDB establecida
2023-01-06 23:26:00:260 info: Servidor corriendo en el puerto 3000
2023-01-06 23:26:01:261 info: Coneccion con mongoDB establecida
2023-01-06 23:26:01:261 info: Coneccion con mongoDB establecida
2023-01-07 07:08:03:83 info: Coneccion con mongoDB establecida
2023-01-07 07:08:03:83 info: Coneccion con mongoDB establecida
2023-01-07 08:43:20:4320 info: Servidor corriendo en el puerto 3000
2023-01-07 08:43:20:4320 info: Coneccion con mongoDB establecida
2023-01-07 08:43:20:4320 info: Coneccion con mongoDB establecida
2023-01-07 08:46:05:465 info: Servidor corriendo en el puerto 3000
2023-01-07 08:46:06:466 info: Coneccion con mongoDB establecida
2023-01-07 08:46:06:466 info: Coneccion con mongoDB establecida
2023-01-07 08:47:04:474 info: Servidor corriendo en el puerto 3000
2023-01-07 08:47:05:475 info: Coneccion con mongoDB establecida
2023-01-07 08:47:05:475 info: Coneccion con mongoDB establecida
2023-01-07 10:09:22:922 info: Servidor corriendo en el puerto 3000
2023-01-07 10:09:23:923 info: Coneccion con mongoDB establecida
2023-01-07 10:09:23:923 info: Coneccion con mongoDB establecida
2023-01-07 12:08:09:89 info: Coneccion con mongoDB establecida
2023-01-07 12:08:09:89 info: Coneccion con mongoDB establecida
2023-01-07 17:04:26:426 info: Servidor corriendo en el puerto 3000
2023-01-07 17:04:27:427 info: Coneccion con mongoDB establecida
2023-01-07 17:04:27:427 info: Coneccion con mongoDB establecida
2023-01-07 17:07:19:719 info: Servidor corriendo en el puerto 3000
2023-01-07 17:07:20:720 info: Coneccion con mongoDB establecida
2023-01-07 17:07:20:720 info: Coneccion con mongoDB establecida
2023-01-07 17:07:25:725 info: Pantalla de registro
2023-01-07 17:08:08:88 info: Servidor corriendo en el puerto 3000
2023-01-07 17:08:09:89 info: Coneccion con mongoDB establecida
2023-01-07 17:08:09:89 info: Coneccion con mongoDB establecida
2023-01-07 17:08:37:837 info: Servidor corriendo en el puerto 3000
2023-01-07 17:08:38:838 info: Coneccion con mongoDB establecida
2023-01-07 17:08:38:838 info: Coneccion con mongoDB establecida
2023-01-07 17:08:40:840 info: Pantalla de registro
2023-01-07 21:02:20:220 info: Servidor corriendo en el puerto 3000
2023-01-07 21:02:22:222 info: Coneccion con mongoDB establecida
2023-01-07 21:02:22:222 info: Coneccion con mongoDB establecida
2023-01-07 21:02:22:222 info: Coneccion con mongoDB establecida
2023-01-07 21:02:22:222 info: Coneccion con mongoDB establecida
2023-01-07 21:02:22:222 info: Coneccion con mongoDB establecida
2023-01-07 21:02:22:222 info: Coneccion con mongoDB establecida
2023-01-07 21:02:22:222 info: Coneccion con mongoDB establecida
2023-01-07 21:02:22:222 info: Coneccion con mongoDB establecida
2023-01-07 21:13:35:1335 info: Servidor corriendo en el puerto 3000
2023-01-07 21:13:46:1346 info: Coneccion con mongoDB establecida
2023-01-07 21:13:46:1346 info: Coneccion con mongoDB establecida
2023-01-07 21:13:46:1346 info: Coneccion con mongoDB establecida
2023-01-07 21:13:46:1346 info: Coneccion con mongoDB establecida
2023-01-07 21:13:46:1346 info: Coneccion con mongoDB establecida
2023-01-07 21:13:46:1346 info: Coneccion con mongoDB establecida
2023-01-07 21:13:46:1346 info: Coneccion con mongoDB establecida
2023-01-07 21:13:46:1346 info: Coneccion con mongoDB establecida
2023-01-07 21:20:05:205 info: Servidor corriendo en el puerto 3000
2023-01-07 21:20:06:206 info: Coneccion con mongoDB establecida
2023-01-07 21:20:06:206 info: Coneccion con mongoDB establecida
2023-01-07 21:20:06:206 info: Coneccion con mongoDB establecida
2023-01-07 21:20:06:206 info: Coneccion con mongoDB establecida
2023-01-07 21:20:06:206 info: Coneccion con mongoDB establecida
2023-01-07 21:20:06:206 info: Coneccion con mongoDB establecida
2023-01-07 21:20:06:206 info: Coneccion con mongoDB establecida
2023-01-07 21:20:06:206 info: Coneccion con mongoDB establecida
2023-01-07 21:21:08:218 info: Servidor corriendo en el puerto 3000
2023-01-07 21:21:09:219 info: Coneccion con mongoDB establecida
2023-01-07 21:21:09:219 info: Coneccion con mongoDB establecida
2023-01-07 21:21:09:219 info: Coneccion con mongoDB establecida
2023-01-07 21:21:09:219 info: Coneccion con mongoDB establecida
2023-01-07 21:21:09:219 info: Coneccion con mongoDB establecida
2023-01-07 21:21:09:219 info: Coneccion con mongoDB establecida
2023-01-07 21:21:09:219 info: Coneccion con mongoDB establecida
2023-01-07 21:21:09:219 info: Coneccion con mongoDB establecida
2023-01-07 21:23:29:2329 info: Servidor corriendo en el puerto 3000
2023-01-07 21:23:30:2330 info: Coneccion con mongoDB establecida
2023-01-07 21:23:30:2330 info: Coneccion con mongoDB establecida
2023-01-07 21:23:30:2330 info: Coneccion con mongoDB establecida
2023-01-07 21:23:30:2330 info: Coneccion con mongoDB establecida
2023-01-07 21:23:30:2330 info: Coneccion con mongoDB establecida
2023-01-07 21:23:30:2330 info: Coneccion con mongoDB establecida
2023-01-07 21:23:30:2330 info: Coneccion con mongoDB establecida
2023-01-07 21:23:30:2330 info: Coneccion con mongoDB establecida
2023-01-07 21:23:56:2356 info: Servidor corriendo en el puerto 3000
2023-01-07 21:23:57:2357 info: Coneccion con mongoDB establecida
2023-01-07 21:23:57:2357 info: Coneccion con mongoDB establecida
2023-01-07 21:23:57:2357 info: Coneccion con mongoDB establecida
2023-01-07 21:23:57:2357 info: Coneccion con mongoDB establecida
2023-01-07 21:23:57:2357 info: Coneccion con mongoDB establecida
2023-01-07 21:23:57:2357 info: Coneccion con mongoDB establecida
2023-01-07 21:23:57:2357 info: Coneccion con mongoDB establecida
2023-01-07 21:23:57:2357 info: Coneccion con mongoDB establecida
2023-01-07 21:24:08:248 info: Servidor corriendo en el puerto 3000
2023-01-07 21:24:09:249 info: Coneccion con mongoDB establecida
2023-01-07 21:24:09:249 info: Coneccion con mongoDB establecida
2023-01-07 21:24:09:249 info: Coneccion con mongoDB establecida
2023-01-07 21:24:09:249 info: Coneccion con mongoDB establecida
2023-01-07 21:24:09:249 info: Coneccion con mongoDB establecida
2023-01-07 21:24:09:249 info: Coneccion con mongoDB establecida
2023-01-07 21:24:09:249 info: Coneccion con mongoDB establecida
2023-01-07 21:24:09:249 info: Coneccion con mongoDB establecida
2023-01-07 21:25:07:257 info: Servidor corriendo en el puerto 3000
2023-01-07 21:25:07:257 info: Coneccion con mongoDB establecida
2023-01-07 21:25:07:257 info: Coneccion con mongoDB establecida
2023-01-07 21:25:07:257 info: Coneccion con mongoDB establecida
2023-01-07 21:25:07:257 info: Coneccion con mongoDB establecida
2023-01-07 21:25:07:257 info: Coneccion con mongoDB establecida
2023-01-07 21:25:07:257 info: Coneccion con mongoDB establecida
2023-01-07 21:25:07:257 info: Coneccion con mongoDB establecida
2023-01-07 21:25:07:257 info: Coneccion con mongoDB establecida
2023-01-07 21:25:25:2525 info: Pantalla de inicio de session
2023-01-07 21:26:02:262 info: Pantalla de registro
2023-01-07 21:27:12:2712 info: Servidor corriendo en el puerto 3000
2023-01-07 21:27:13:2713 info: Coneccion con mongoDB establecida
2023-01-07 21:27:13:2713 info: Coneccion con mongoDB establecida
2023-01-07 21:27:13:2713 info: Coneccion con mongoDB establecida
2023-01-07 21:27:13:2713 info: Coneccion con mongoDB establecida
2023-01-07 21:27:13:2713 info: Coneccion con mongoDB establecida
2023-01-07 21:27:13:2713 info: Coneccion con mongoDB establecida
2023-01-07 21:27:13:2713 info: Coneccion con mongoDB establecida
2023-01-07 21:27:13:2713 info: Coneccion con mongoDB establecida
2023-01-07 21:34:41:3441 info: Servidor corriendo en el puerto 3000
2023-01-07 21:34:42:3442 info: Coneccion con mongoDB establecida
2023-01-07 21:34:42:3442 info: Coneccion con mongoDB establecida
2023-01-07 21:34:42:3442 info: Coneccion con mongoDB establecida
2023-01-07 21:34:42:3442 info: Coneccion con mongoDB establecida
2023-01-07 21:34:42:3442 info: Coneccion con mongoDB establecida
2023-01-07 21:34:42:3442 info: Coneccion con mongoDB establecida
2023-01-07 21:34:42:3442 info: Coneccion con mongoDB establecida
2023-01-07 21:34:42:3442 info: Coneccion con mongoDB establecida
2023-01-07 21:36:49:3649 info: Servidor corriendo en el puerto 3000
2023-01-07 21:36:50:3650 info: Coneccion con mongoDB establecida
2023-01-07 21:36:50:3650 info: Coneccion con mongoDB establecida
2023-01-07 21:36:50:3650 info: Coneccion con mongoDB establecida
2023-01-07 21:36:50:3650 info: Coneccion con mongoDB establecida
2023-01-07 21:36:50:3650 info: Coneccion con mongoDB establecida
2023-01-07 21:36:50:3650 info: Coneccion con mongoDB establecida
2023-01-07 21:36:50:3650 info: Coneccion con mongoDB establecida
2023-01-07 21:36:50:3650 info: Coneccion con mongoDB establecida
2023-01-07 21:38:30:3830 info: Servidor corriendo en el puerto 3000
2023-01-07 21:38:31:3831 info: Coneccion con mongoDB establecida
2023-01-07 21:38:31:3831 info: Coneccion con mongoDB establecida
2023-01-07 21:38:31:3831 info: Coneccion con mongoDB establecida
2023-01-07 21:38:31:3831 info: Coneccion con mongoDB establecida
2023-01-07 21:38:31:3831 info: Coneccion con mongoDB establecida
2023-01-07 21:38:31:3831 info: Coneccion con mongoDB establecida
2023-01-07 21:38:31:3831 info: Coneccion con mongoDB establecida
2023-01-07 21:38:31:3831 info: Coneccion con mongoDB establecida
2023-01-07 21:39:15:3915 info: Servidor corriendo en el puerto 3000
2023-01-07 21:39:16:3916 info: Coneccion con mongoDB establecida
2023-01-07 21:39:16:3916 info: Coneccion con mongoDB establecida
2023-01-07 21:39:16:3916 info: Coneccion con mongoDB establecida
2023-01-07 21:39:16:3916 info: Coneccion con mongoDB establecida
2023-01-07 21:39:16:3916 info: Coneccion con mongoDB establecida
2023-01-07 21:39:16:3916 info: Coneccion con mongoDB establecida
2023-01-07 21:39:16:3916 info: Coneccion con mongoDB establecida
2023-01-07 21:39:16:3916 info: Coneccion con mongoDB establecida
2023-01-07 21:39:58:3958 info: Servidor corriendo en el puerto 3000
2023-01-07 21:39:59:3959 info: Coneccion con mongoDB establecida
2023-01-07 21:39:59:3959 info: Coneccion con mongoDB establecida
2023-01-07 21:39:59:3959 info: Coneccion con mongoDB establecida
2023-01-07 21:39:59:3959 info: Coneccion con mongoDB establecida
2023-01-07 21:39:59:3959 info: Coneccion con mongoDB establecida
2023-01-07 21:39:59:3959 info: Coneccion con mongoDB establecida
2023-01-07 21:39:59:3959 info: Coneccion con mongoDB establecida
2023-01-07 21:39:59:3959 info: Coneccion con mongoDB establecida
2023-01-07 21:40:12:4012 info: Servidor corriendo en el puerto 3000
2023-01-07 21:40:13:4013 info: Coneccion con mongoDB establecida
2023-01-07 21:40:13:4013 info: Coneccion con mongoDB establecida
2023-01-07 21:40:13:4013 info: Coneccion con mongoDB establecida
2023-01-07 21:40:13:4013 info: Coneccion con mongoDB establecida
2023-01-07 21:40:13:4013 info: Coneccion con mongoDB establecida
2023-01-07 21:40:13:4013 info: Coneccion con mongoDB establecida
2023-01-07 21:40:13:4013 info: Coneccion con mongoDB establecida
2023-01-07 21:40:13:4013 info: Coneccion con mongoDB establecida
2023-01-07 21:40:26:4026 info: Servidor corriendo en el puerto 3000
2023-01-07 21:40:27:4027 info: Coneccion con mongoDB establecida
2023-01-07 21:40:27:4027 info: Coneccion con mongoDB establecida
2023-01-07 21:40:27:4027 info: Coneccion con mongoDB establecida
2023-01-07 21:40:27:4027 info: Coneccion con mongoDB establecida
2023-01-07 21:40:27:4027 info: Coneccion con mongoDB establecida
2023-01-07 21:40:27:4027 info: Coneccion con mongoDB establecida
2023-01-07 21:40:27:4027 info: Coneccion con mongoDB establecida
2023-01-07 21:40:27:4027 info: Coneccion con mongoDB establecida
2023-01-07 21:40:30:4030 info: Servidor corriendo en el puerto 3000
2023-01-07 21:40:31:4031 info: Coneccion con mongoDB establecida
2023-01-07 21:40:31:4031 info: Coneccion con mongoDB establecida
2023-01-07 21:40:31:4031 info: Coneccion con mongoDB establecida
2023-01-07 21:40:31:4031 info: Coneccion con mongoDB establecida
2023-01-07 21:40:31:4031 info: Coneccion con mongoDB establecida
2023-01-07 21:40:31:4031 info: Coneccion con mongoDB establecida
2023-01-07 21:40:31:4031 info: Coneccion con mongoDB establecida
2023-01-07 21:40:31:4031 info: Coneccion con mongoDB establecida
2023-01-08 08:27:53:2753 info: Coneccion con mongoDB establecida
2023-01-08 08:27:53:2753 info: Coneccion con mongoDB establecida
2023-01-08 08:27:53:2753 info: Coneccion con mongoDB establecida
2023-01-08 08:27:53:2753 info: Coneccion con mongoDB establecida
2023-01-08 08:27:53:2753 info: Coneccion con mongoDB establecida
2023-01-08 08:27:53:2753 info: Coneccion con mongoDB establecida
2023-01-08 08:27:53:2753 info: Coneccion con mongoDB establecida
2023-01-08 08:27:53:2753 info: Coneccion con mongoDB establecida
2023-01-08 09:45:33:4533 info: Servidor corriendo en el puerto 3000
2023-01-08 09:45:34:4534 info: Coneccion con mongoDB establecida
2023-01-08 09:45:34:4534 info: Coneccion con mongoDB establecida
2023-01-08 09:45:34:4534 info: Coneccion con mongoDB establecida
2023-01-08 09:45:34:4534 info: Coneccion con mongoDB establecida
2023-01-08 09:45:34:4534 info: Coneccion con mongoDB establecida
2023-01-08 09:45:34:4534 info: Coneccion con mongoDB establecida
2023-01-08 09:45:34:4534 info: Coneccion con mongoDB establecida
2023-01-08 09:45:34:4534 info: Coneccion con mongoDB establecida
2023-01-08 11:45:24:4524 info: Servidor corriendo en el puerto 3000
2023-01-08 11:45:25:4525 info: Coneccion con mongoDB establecida
2023-01-08 11:45:25:4525 info: Coneccion con mongoDB establecida
2023-01-08 11:45:25:4525 info: Coneccion con mongoDB establecida
2023-01-08 11:45:25:4525 info: Coneccion con mongoDB establecida
2023-01-08 11:45:25:4525 info: Coneccion con mongoDB establecida
2023-01-08 11:45:25:4525 info: Coneccion con mongoDB establecida
2023-01-08 11:45:25:4525 info: Coneccion con mongoDB establecida
2023-01-08 11:45:25:4525 info: Coneccion con mongoDB establecida
2023-01-08 11:45:53:4553 info: Servidor corriendo en el puerto 3000
2023-01-08 11:45:54:4554 info: Coneccion con mongoDB establecida
2023-01-08 11:45:54:4554 info: Coneccion con mongoDB establecida
2023-01-08 11:45:54:4554 info: Coneccion con mongoDB establecida
2023-01-08 11:45:54:4554 info: Coneccion con mongoDB establecida
2023-01-08 11:45:54:4554 info: Coneccion con mongoDB establecida
2023-01-08 11:45:54:4554 info: Coneccion con mongoDB establecida
2023-01-08 11:45:54:4554 info: Coneccion con mongoDB establecida
2023-01-08 11:45:54:4554 info: Coneccion con mongoDB establecida
2023-01-08 11:46:29:4629 info: Servidor corriendo en el puerto 3000
2023-01-08 11:46:30:4630 info: Coneccion con mongoDB establecida
2023-01-08 11:46:30:4630 info: Coneccion con mongoDB establecida
2023-01-08 11:46:30:4630 info: Coneccion con mongoDB establecida
2023-01-08 11:46:30:4630 info: Coneccion con mongoDB establecida
2023-01-08 11:46:30:4630 info: Coneccion con mongoDB establecida
2023-01-08 11:46:30:4630 info: Coneccion con mongoDB establecida
2023-01-08 11:46:30:4630 info: Coneccion con mongoDB establecida
2023-01-08 11:46:30:4630 info: Coneccion con mongoDB establecida
2023-01-08 11:49:15:4915 info: Servidor corriendo en el puerto 3000
2023-01-08 11:49:16:4916 info: Coneccion con mongoDB establecida
2023-01-08 11:49:16:4916 info: Coneccion con mongoDB establecida
2023-01-08 11:49:16:4916 info: Coneccion con mongoDB establecida
2023-01-08 11:49:16:4916 info: Coneccion con mongoDB establecida
2023-01-08 11:49:16:4916 info: Coneccion con mongoDB establecida
2023-01-08 11:49:16:4916 info: Coneccion con mongoDB establecida
2023-01-08 11:49:16:4916 info: Coneccion con mongoDB establecida
2023-01-08 11:49:16:4916 info: Coneccion con mongoDB establecida
2023-01-08 11:50:39:5039 info: Servidor corriendo en el puerto 3000
2023-01-08 11:50:40:5040 info: Coneccion con mongoDB establecida
2023-01-08 11:50:40:5040 info: Coneccion con mongoDB establecida
2023-01-08 11:50:40:5040 info: Coneccion con mongoDB establecida
2023-01-08 11:50:40:5040 info: Coneccion con mongoDB establecida
2023-01-08 11:50:40:5040 info: Coneccion con mongoDB establecida
2023-01-08 11:50:40:5040 info: Coneccion con mongoDB establecida
2023-01-08 11:50:40:5040 info: Coneccion con mongoDB establecida
2023-01-08 11:50:40:5040 info: Coneccion con mongoDB establecida
2023-01-08 11:50:57:5057 info: Servidor corriendo en el puerto 3000
2023-01-08 11:50:58:5058 info: Coneccion con mongoDB establecida
2023-01-08 11:50:58:5058 info: Coneccion con mongoDB establecida
2023-01-08 11:50:58:5058 info: Coneccion con mongoDB establecida
2023-01-08 11:50:58:5058 info: Coneccion con mongoDB establecida
2023-01-08 11:50:58:5058 info: Coneccion con mongoDB establecida
2023-01-08 11:50:58:5058 info: Coneccion con mongoDB establecida
2023-01-08 11:50:58:5058 info: Coneccion con mongoDB establecida
2023-01-08 11:50:58:5058 info: Coneccion con mongoDB establecida
2023-01-08 11:54:31:5431 info: Servidor corriendo en el puerto 3000
2023-01-08 11:54:32:5432 info: Coneccion con mongoDB establecida
2023-01-08 11:54:32:5432 info: Coneccion con mongoDB establecida
2023-01-08 11:54:32:5432 info: Coneccion con mongoDB establecida
2023-01-08 11:54:32:5432 info: Coneccion con mongoDB establecida
2023-01-08 11:54:32:5432 info: Coneccion con mongoDB establecida
2023-01-08 11:54:32:5432 info: Coneccion con mongoDB establecida
2023-01-08 11:54:32:5432 info: Coneccion con mongoDB establecida
2023-01-08 11:54:32:5432 info: Coneccion con mongoDB establecida
2023-01-08 11:55:42:5542 info: Servidor corriendo en el puerto 3000
2023-01-08 11:55:43:5543 info: Coneccion con mongoDB establecida
2023-01-08 11:55:43:5543 info: Coneccion con mongoDB establecida
2023-01-08 11:55:43:5543 info: Coneccion con mongoDB establecida
2023-01-08 11:55:43:5543 info: Coneccion con mongoDB establecida
2023-01-08 11:55:43:5543 info: Coneccion con mongoDB establecida
2023-01-08 11:55:43:5543 info: Coneccion con mongoDB establecida
2023-01-08 11:55:43:5543 info: Coneccion con mongoDB establecida
2023-01-08 11:55:43:5543 info: Coneccion con mongoDB establecida
2023-01-08 11:56:05:565 info: Pantalla de registro
2023-01-08 11:57:36:5736 info: Servidor corriendo en el puerto 3000
2023-01-08 11:57:37:5737 info: Coneccion con mongoDB establecida
2023-01-08 11:57:37:5737 info: Coneccion con mongoDB establecida
2023-01-08 11:57:37:5737 info: Coneccion con mongoDB establecida
2023-01-08 11:57:37:5737 info: Coneccion con mongoDB establecida
2023-01-08 11:57:37:5737 info: Coneccion con mongoDB establecida
2023-01-08 11:57:37:5737 info: Coneccion con mongoDB establecida
2023-01-08 11:57:37:5737 info: Coneccion con mongoDB establecida
2023-01-08 11:57:37:5737 info: Coneccion con mongoDB establecida
2023-01-08 11:57:41:5741 info: Servidor corriendo en el puerto 3000
2023-01-08 11:57:42:5742 info: Coneccion con mongoDB establecida
2023-01-08 11:57:42:5742 info: Coneccion con mongoDB establecida
2023-01-08 11:57:42:5742 info: Coneccion con mongoDB establecida
2023-01-08 11:57:42:5742 info: Coneccion con mongoDB establecida
2023-01-08 11:57:42:5742 info: Coneccion con mongoDB establecida
2023-01-08 11:57:42:5742 info: Coneccion con mongoDB establecida
2023-01-08 11:57:42:5742 info: Coneccion con mongoDB establecida
2023-01-08 11:57:42:5742 info: Coneccion con mongoDB establecida
2023-01-08 11:57:46:5746 info: Servidor corriendo en el puerto 3000
2023-01-08 11:57:47:5747 info: Coneccion con mongoDB establecida
2023-01-08 11:57:47:5747 info: Coneccion con mongoDB establecida
2023-01-08 11:57:47:5747 info: Coneccion con mongoDB establecida
2023-01-08 11:57:47:5747 info: Coneccion con mongoDB establecida
2023-01-08 11:57:47:5747 info: Coneccion con mongoDB establecida
2023-01-08 11:57:47:5747 info: Coneccion con mongoDB establecida
2023-01-08 11:57:47:5747 info: Coneccion con mongoDB establecida
2023-01-08 11:57:47:5747 info: Coneccion con mongoDB establecida
2023-01-08 11:57:56:5756 info: Pantalla de registro
2023-01-08 13:58:01:581 info: Servidor corriendo en el puerto 3000
2023-01-08 13:58:02:582 info: Coneccion con mongoDB establecida
2023-01-08 13:58:02:582 info: Coneccion con mongoDB establecida
2023-01-08 13:58:02:582 info: Coneccion con mongoDB establecida
2023-01-08 13:58:02:582 info: Coneccion con mongoDB establecida
2023-01-08 13:58:02:582 info: Coneccion con mongoDB establecida
2023-01-08 13:58:02:582 info: Coneccion con mongoDB establecida
2023-01-08 13:58:02:582 info: Coneccion con mongoDB establecida
2023-01-08 13:58:02:582 info: Coneccion con mongoDB establecida
2023-01-08 13:58:41:5841 info: Servidor corriendo en el puerto 3000
2023-01-08 13:58:42:5842 info: Coneccion con mongoDB establecida
2023-01-08 13:58:42:5842 info: Coneccion con mongoDB establecida
2023-01-08 13:58:42:5842 info: Coneccion con mongoDB establecida
2023-01-08 13:58:42:5842 info: Coneccion con mongoDB establecida
2023-01-08 13:58:42:5842 info: Coneccion con mongoDB establecida
2023-01-08 13:58:42:5842 info: Coneccion con mongoDB establecida
2023-01-08 13:58:42:5842 info: Coneccion con mongoDB establecida
2023-01-08 13:58:42:5842 info: Coneccion con mongoDB establecida
2023-01-08 13:59:34:5934 info: Servidor corriendo en el puerto 3000
2023-01-08 13:59:35:5935 info: Coneccion con mongoDB establecida
2023-01-08 13:59:35:5935 info: Coneccion con mongoDB establecida
2023-01-08 13:59:35:5935 info: Coneccion con mongoDB establecida
2023-01-08 13:59:35:5935 info: Coneccion con mongoDB establecida
2023-01-08 13:59:35:5935 info: Coneccion con mongoDB establecida
2023-01-08 13:59:35:5935 info: Coneccion con mongoDB establecida
2023-01-08 13:59:35:5935 info: Coneccion con mongoDB establecida
2023-01-08 13:59:35:5935 info: Coneccion con mongoDB establecida
2023-01-08 13:59:45:5945 info: Servidor corriendo en el puerto 3000
2023-01-08 13:59:46:5946 info: Coneccion con mongoDB establecida
2023-01-08 13:59:46:5946 info: Coneccion con mongoDB establecida
2023-01-08 13:59:46:5946 info: Coneccion con mongoDB establecida
2023-01-08 13:59:46:5946 info: Coneccion con mongoDB establecida
2023-01-08 13:59:46:5946 info: Coneccion con mongoDB establecida
2023-01-08 13:59:46:5946 info: Coneccion con mongoDB establecida
2023-01-08 13:59:46:5946 info: Coneccion con mongoDB establecida
2023-01-08 13:59:46:5946 info: Coneccion con mongoDB establecida
2023-01-08 13:59:52:5952 info: Servidor corriendo en el puerto 3000
2023-01-08 13:59:52:5952 info: Coneccion con mongoDB establecida
2023-01-08 13:59:52:5952 info: Coneccion con mongoDB establecida
2023-01-08 13:59:52:5952 info: Coneccion con mongoDB establecida
2023-01-08 13:59:52:5952 info: Coneccion con mongoDB establecida
2023-01-08 13:59:52:5952 info: Coneccion con mongoDB establecida
2023-01-08 13:59:52:5952 info: Coneccion con mongoDB establecida
2023-01-08 13:59:52:5952 info: Coneccion con mongoDB establecida
2023-01-08 13:59:52:5952 info: Coneccion con mongoDB establecida
2023-01-08 14:04:05:45 info: Servidor corriendo en el puerto 3000
2023-01-08 14:04:06:46 info: Coneccion con mongoDB establecida
2023-01-08 14:04:06:46 info: Coneccion con mongoDB establecida
2023-01-08 14:04:06:46 info: Coneccion con mongoDB establecida
2023-01-08 14:04:06:46 info: Coneccion con mongoDB establecida
2023-01-08 14:04:06:46 info: Coneccion con mongoDB establecida
2023-01-08 14:04:06:46 info: Coneccion con mongoDB establecida
2023-01-08 14:04:06:46 info: Coneccion con mongoDB establecida
2023-01-08 14:04:06:46 info: Coneccion con mongoDB establecida
2023-01-08 14:04:22:422 info: Servidor corriendo en el puerto 3000
2023-01-08 14:04:23:423 info: Coneccion con mongoDB establecida
2023-01-08 14:04:23:423 info: Coneccion con mongoDB establecida
2023-01-08 14:04:23:423 info: Coneccion con mongoDB establecida
2023-01-08 14:04:23:423 info: Coneccion con mongoDB establecida
2023-01-08 14:04:23:423 info: Coneccion con mongoDB establecida
2023-01-08 14:04:23:423 info: Coneccion con mongoDB establecida
2023-01-08 14:04:23:423 info: Coneccion con mongoDB establecida
2023-01-08 14:04:23:423 info: Coneccion con mongoDB establecida
2023-01-08 14:04:48:448 info: Servidor corriendo en el puerto 3000
2023-01-08 14:04:49:449 info: Coneccion con mongoDB establecida
2023-01-08 14:04:49:449 info: Coneccion con mongoDB establecida
2023-01-08 14:04:49:449 info: Coneccion con mongoDB establecida
2023-01-08 14:04:49:449 info: Coneccion con mongoDB establecida
2023-01-08 14:04:49:449 info: Coneccion con mongoDB establecida
2023-01-08 14:04:49:449 info: Coneccion con mongoDB establecida
2023-01-08 14:04:49:449 info: Coneccion con mongoDB establecida
2023-01-08 14:04:49:449 info: Coneccion con mongoDB establecida
2023-01-08 14:11:05:115 info: Servidor corriendo en el puerto 3000
2023-01-08 14:11:06:116 info: Coneccion con mongoDB establecida
2023-01-08 14:11:06:116 info: Coneccion con mongoDB establecida
2023-01-08 14:11:06:116 info: Coneccion con mongoDB establecida
2023-01-08 14:11:06:116 info: Coneccion con mongoDB establecida
2023-01-08 14:11:06:116 info: Coneccion con mongoDB establecida
2023-01-08 14:11:06:116 info: Coneccion con mongoDB establecida
2023-01-08 14:11:06:116 info: Coneccion con mongoDB establecida
2023-01-08 14:11:06:116 info: Coneccion con mongoDB establecida
2023-01-08 14:11:17:1117 info: Pantalla de registro
2023-01-08 14:16:17:1617 info: Servidor corriendo en el puerto 3000
2023-01-08 14:16:18:1618 info: Coneccion con mongoDB establecida
2023-01-08 14:16:18:1618 info: Coneccion con mongoDB establecida
2023-01-08 14:16:18:1618 info: Coneccion con mongoDB establecida
2023-01-08 14:16:18:1618 info: Coneccion con mongoDB establecida
2023-01-08 14:16:18:1618 info: Coneccion con mongoDB establecida
2023-01-08 14:16:18:1618 info: Coneccion con mongoDB establecida
2023-01-08 14:16:18:1618 info: Coneccion con mongoDB establecida
2023-01-08 14:16:18:1618 info: Coneccion con mongoDB establecida
2023-01-08 14:21:54:2154 info: Servidor corriendo en el puerto 3000
2023-01-08 14:21:54:2154 info: Coneccion con mongoDB establecida
2023-01-08 14:21:54:2154 info: Coneccion con mongoDB establecida
2023-01-08 14:21:54:2154 info: Coneccion con mongoDB establecida
2023-01-08 14:21:54:2154 info: Coneccion con mongoDB establecida
2023-01-08 14:21:54:2154 info: Coneccion con mongoDB establecida
2023-01-08 14:21:54:2154 info: Coneccion con mongoDB establecida
2023-01-08 14:21:54:2154 info: Coneccion con mongoDB establecida
2023-01-08 14:21:54:2154 info: Coneccion con mongoDB establecida
2023-01-08 14:22:01:221 info: Servidor corriendo en el puerto 3000
2023-01-08 14:22:02:222 info: Coneccion con mongoDB establecida
2023-01-08 14:22:02:222 info: Coneccion con mongoDB establecida
2023-01-08 14:22:02:222 info: Coneccion con mongoDB establecida
2023-01-08 14:22:02:222 info: Coneccion con mongoDB establecida
2023-01-08 14:22:02:222 info: Coneccion con mongoDB establecida
2023-01-08 14:22:02:222 info: Coneccion con mongoDB establecida
2023-01-08 14:22:02:222 info: Coneccion con mongoDB establecida
2023-01-08 14:22:02:222 info: Coneccion con mongoDB establecida
2023-01-08 14:22:08:228 info: Servidor corriendo en el puerto 3000
2023-01-08 14:22:09:229 info: Coneccion con mongoDB establecida
2023-01-08 14:22:09:229 info: Coneccion con mongoDB establecida
2023-01-08 14:22:09:229 info: Coneccion con mongoDB establecida
2023-01-08 14:22:09:229 info: Coneccion con mongoDB establecida
2023-01-08 14:22:09:229 info: Coneccion con mongoDB establecida
2023-01-08 14:22:09:229 info: Coneccion con mongoDB establecida
2023-01-08 14:22:09:229 info: Coneccion con mongoDB establecida
2023-01-08 14:22:09:229 info: Coneccion con mongoDB establecida
2023-01-08 14:22:14:2214 info: Pantalla de registro
2023-01-08 17:34:28:3428 info: Pantalla de registro
2023-01-08 18:13:19:1319 info: Servidor corriendo en el puerto 3000
2023-01-08 18:13:20:1320 info: Coneccion con mongoDB establecida
2023-01-08 18:13:20:1320 info: Coneccion con mongoDB establecida
2023-01-08 18:13:20:1320 info: Coneccion con mongoDB establecida
2023-01-08 18:13:20:1320 info: Coneccion con mongoDB establecida
2023-01-08 18:13:20:1320 info: Coneccion con mongoDB establecida
2023-01-08 18:13:20:1320 info: Coneccion con mongoDB establecida
2023-01-08 18:13:20:1320 info: Coneccion con mongoDB establecida
2023-01-08 18:13:20:1320 info: Coneccion con mongoDB establecida
2023-01-08 18:15:12:1512 info: Servidor corriendo en el puerto 3000
2023-01-08 18:15:13:1513 info: Coneccion con mongoDB establecida
2023-01-08 18:15:13:1513 info: Coneccion con mongoDB establecida
2023-01-08 18:15:13:1513 info: Coneccion con mongoDB establecida
2023-01-08 18:15:13:1513 info: Coneccion con mongoDB establecida
2023-01-08 18:15:13:1513 info: Coneccion con mongoDB establecida
2023-01-08 18:15:13:1513 info: Coneccion con mongoDB establecida
2023-01-08 18:15:13:1513 info: Coneccion con mongoDB establecida
2023-01-08 18:15:13:1513 info: Coneccion con mongoDB establecida
2023-01-08 18:15:17:1517 info: Pantalla de registro
2023-01-08 18:16:33:1633 info: Servidor corriendo en el puerto 3000
2023-01-08 18:16:34:1634 info: Coneccion con mongoDB establecida
2023-01-08 18:16:34:1634 info: Coneccion con mongoDB establecida
2023-01-08 18:16:34:1634 info: Coneccion con mongoDB establecida
2023-01-08 18:16:34:1634 info: Coneccion con mongoDB establecida
2023-01-08 18:16:34:1634 info: Coneccion con mongoDB establecida
2023-01-08 18:16:34:1634 info: Coneccion con mongoDB establecida
2023-01-08 18:16:34:1634 info: Coneccion con mongoDB establecida
2023-01-08 18:16:34:1634 info: Coneccion con mongoDB establecida
2023-01-08 18:16:37:1637 info: Pantalla de registro
2023-01-08 18:20:44:2044 info: Servidor corriendo en el puerto 3000
2023-01-08 18:20:45:2045 info: Coneccion con mongoDB establecida
2023-01-08 18:20:45:2045 info: Coneccion con mongoDB establecida
2023-01-08 18:20:45:2045 info: Coneccion con mongoDB establecida
2023-01-08 18:20:45:2045 info: Coneccion con mongoDB establecida
2023-01-08 18:20:45:2045 info: Coneccion con mongoDB establecida
2023-01-08 18:20:45:2045 info: Coneccion con mongoDB establecida
2023-01-08 18:20:45:2045 info: Coneccion con mongoDB establecida
2023-01-08 18:20:45:2045 info: Coneccion con mongoDB establecida
2023-01-08 18:21:00:210 info: Servidor corriendo en el puerto 3000
2023-01-08 18:21:00:210 info: Coneccion con mongoDB establecida
2023-01-08 18:21:00:210 info: Coneccion con mongoDB establecida
2023-01-08 18:21:00:210 info: Coneccion con mongoDB establecida
2023-01-08 18:21:00:210 info: Coneccion con mongoDB establecida
2023-01-08 18:21:00:210 info: Coneccion con mongoDB establecida
2023-01-08 18:21:00:210 info: Coneccion con mongoDB establecida
2023-01-08 18:21:00:210 info: Coneccion con mongoDB establecida
2023-01-08 18:21:00:210 info: Coneccion con mongoDB establecida
2023-01-08 18:31:19:3119 info: Servidor corriendo en el puerto 3000
2023-01-08 18:31:20:3120 info: Coneccion con mongoDB establecida
2023-01-08 18:31:20:3120 info: Coneccion con mongoDB establecida
2023-01-08 18:31:20:3120 info: Coneccion con mongoDB establecida
2023-01-08 18:31:20:3120 info: Coneccion con mongoDB establecida
2023-01-08 18:31:20:3120 info: Coneccion con mongoDB establecida
2023-01-08 18:31:20:3120 info: Coneccion con mongoDB establecida
2023-01-08 18:31:20:3120 info: Coneccion con mongoDB establecida
2023-01-08 18:31:20:3120 info: Coneccion con mongoDB establecida
2023-01-08 18:32:36:3236 info: Pantalla de registro
2023-01-08 18:34:10:3410 info: Servidor corriendo en el puerto 3000
2023-01-08 18:34:11:3411 info: Coneccion con mongoDB establecida
2023-01-08 18:34:11:3411 info: Coneccion con mongoDB establecida
2023-01-08 18:34:11:3411 info: Coneccion con mongoDB establecida
2023-01-08 18:34:11:3411 info: Coneccion con mongoDB establecida
2023-01-08 18:34:11:3411 info: Coneccion con mongoDB establecida
2023-01-08 18:34:11:3411 info: Coneccion con mongoDB establecida
2023-01-08 18:34:11:3411 info: Coneccion con mongoDB establecida
2023-01-08 18:34:11:3411 info: Coneccion con mongoDB establecida
2023-01-08 18:34:13:3413 info: Pantalla de registro
2023-01-08 18:42:49:4249 info: Servidor corriendo en el puerto 3000
2023-01-08 18:42:50:4250 info: Coneccion con mongoDB establecida
2023-01-08 18:42:50:4250 info: Coneccion con mongoDB establecida
2023-01-08 18:42:50:4250 info: Coneccion con mongoDB establecida
2023-01-08 18:42:50:4250 info: Coneccion con mongoDB establecida
2023-01-08 18:42:50:4250 info: Coneccion con mongoDB establecida
2023-01-08 18:42:50:4250 info: Coneccion con mongoDB establecida
2023-01-08 18:42:50:4250 info: Coneccion con mongoDB establecida
2023-01-08 18:42:50:4250 info: Coneccion con mongoDB establecida
2023-01-08 18:48:21:4821 info: Servidor corriendo en el puerto 3000
2023-01-08 18:48:22:4822 info: Coneccion con mongoDB establecida
2023-01-08 18:48:22:4822 info: Coneccion con mongoDB establecida
2023-01-08 18:48:22:4822 info: Coneccion con mongoDB establecida
2023-01-08 18:48:22:4822 info: Coneccion con mongoDB establecida
2023-01-08 18:48:22:4822 info: Coneccion con mongoDB establecida
2023-01-08 18:48:22:4822 info: Coneccion con mongoDB establecida
2023-01-08 18:48:22:4822 info: Coneccion con mongoDB establecida
2023-01-08 18:48:22:4822 info: Coneccion con mongoDB establecida
2023-01-08 18:48:28:4828 info: Pantalla de registro
2023-01-08 18:49:34:4934 info: Servidor corriendo en el puerto 3000
2023-01-08 18:49:35:4935 info: Coneccion con mongoDB establecida
2023-01-08 18:49:35:4935 info: Coneccion con mongoDB establecida
2023-01-08 18:49:35:4935 info: Coneccion con mongoDB establecida
2023-01-08 18:49:35:4935 info: Coneccion con mongoDB establecida
2023-01-08 18:49:35:4935 info: Coneccion con mongoDB establecida
2023-01-08 18:49:35:4935 info: Coneccion con mongoDB establecida
2023-01-08 18:49:35:4935 info: Coneccion con mongoDB establecida
2023-01-08 18:49:35:4935 info: Coneccion con mongoDB establecida
2023-01-08 18:52:22:5222 info: Servidor corriendo en el puerto 3000
2023-01-08 18:52:22:5222 info: Coneccion con mongoDB establecida
2023-01-08 18:52:22:5222 info: Coneccion con mongoDB establecida
2023-01-08 18:52:22:5222 info: Coneccion con mongoDB establecida
2023-01-08 18:52:22:5222 info: Coneccion con mongoDB establecida
2023-01-08 18:52:22:5222 info: Coneccion con mongoDB establecida
2023-01-08 18:52:22:5222 info: Coneccion con mongoDB establecida
2023-01-08 18:52:22:5222 info: Coneccion con mongoDB establecida
2023-01-08 18:52:22:5222 info: Coneccion con mongoDB establecida
2023-01-08 18:53:00:530 info: Servidor corriendo en el puerto 3000
2023-01-08 18:53:01:531 info: Coneccion con mongoDB establecida
2023-01-08 18:53:01:531 info: Coneccion con mongoDB establecida
2023-01-08 18:53:01:531 info: Coneccion con mongoDB establecida
2023-01-08 18:53:01:531 info: Coneccion con mongoDB establecida
2023-01-08 18:53:01:531 info: Coneccion con mongoDB establecida
2023-01-08 18:53:01:531 info: Coneccion con mongoDB establecida
2023-01-08 18:53:01:531 info: Coneccion con mongoDB establecida
2023-01-08 18:53:01:531 info: Coneccion con mongoDB establecida
2023-01-08 18:58:25:5825 info: Servidor corriendo en el puerto 3000
2023-01-08 18:58:26:5826 info: Coneccion con mongoDB establecida
2023-01-08 18:58:26:5826 info: Coneccion con mongoDB establecida
2023-01-08 18:58:26:5826 info: Coneccion con mongoDB establecida
2023-01-08 18:58:26:5826 info: Coneccion con mongoDB establecida
2023-01-08 18:58:26:5826 info: Coneccion con mongoDB establecida
2023-01-08 18:58:26:5826 info: Coneccion con mongoDB establecida
2023-01-08 18:58:26:5826 info: Coneccion con mongoDB establecida
2023-01-08 18:58:26:5826 info: Coneccion con mongoDB establecida
2023-01-08 18:58:30:5830 error: undefined
2023-01-08 18:59:20:5920 info: Servidor corriendo en el puerto 3000
2023-01-08 18:59:20:5920 info: Coneccion con mongoDB establecida
2023-01-08 18:59:20:5920 info: Coneccion con mongoDB establecida
2023-01-08 18:59:20:5920 info: Coneccion con mongoDB establecida
2023-01-08 18:59:21:5921 info: Coneccion con mongoDB establecida
2023-01-08 18:59:21:5921 info: Coneccion con mongoDB establecida
2023-01-08 18:59:21:5921 info: Coneccion con mongoDB establecida
2023-01-08 18:59:21:5921 info: Coneccion con mongoDB establecida
2023-01-08 18:59:21:5921 info: Coneccion con mongoDB establecida
2023-01-08 18:59:28:5928 info: Servidor corriendo en el puerto 3000
2023-01-08 18:59:29:5929 info: Coneccion con mongoDB establecida
2023-01-08 18:59:29:5929 info: Coneccion con mongoDB establecida
2023-01-08 18:59:29:5929 info: Coneccion con mongoDB establecida
2023-01-08 18:59:29:5929 info: Coneccion con mongoDB establecida
2023-01-08 18:59:29:5929 info: Coneccion con mongoDB establecida
2023-01-08 18:59:29:5929 info: Coneccion con mongoDB establecida
2023-01-08 18:59:29:5929 info: Coneccion con mongoDB establecida
2023-01-08 18:59:29:5929 info: Coneccion con mongoDB establecida
2023-01-08 19:05:34:534 error: undefined
2023-01-08 19:22:20:2220 info: Servidor corriendo en el puerto 3000
2023-01-08 19:22:21:2221 info: Coneccion con mongoDB establecida
2023-01-08 19:22:21:2221 info: Coneccion con mongoDB establecida
2023-01-08 19:22:21:2221 info: Coneccion con mongoDB establecida
2023-01-08 19:22:21:2221 info: Coneccion con mongoDB establecida
2023-01-08 19:22:21:2221 info: Coneccion con mongoDB establecida
2023-01-08 19:22:21:2221 info: Coneccion con mongoDB establecida
2023-01-08 19:22:21:2221 info: Coneccion con mongoDB establecida
2023-01-08 19:22:21:2221 info: Coneccion con mongoDB establecida
2023-01-08 19:22:41:2241 info: Servidor corriendo en el puerto 3000
2023-01-08 19:22:42:2242 info: Coneccion con mongoDB establecida
2023-01-08 19:22:42:2242 info: Coneccion con mongoDB establecida
2023-01-08 19:22:42:2242 info: Coneccion con mongoDB establecida
2023-01-08 19:22:42:2242 info: Coneccion con mongoDB establecida
2023-01-08 19:22:42:2242 info: Coneccion con mongoDB establecida
2023-01-08 19:22:42:2242 info: Coneccion con mongoDB establecida
2023-01-08 19:22:42:2242 info: Coneccion con mongoDB establecida
2023-01-08 19:22:42:2242 info: Coneccion con mongoDB establecida
2023-01-08 19:22:43:2243 error: undefined
2023-01-08 19:24:25:2425 info: Servidor corriendo en el puerto 3000
2023-01-08 19:24:26:2426 info: Coneccion con mongoDB establecida
2023-01-08 19:24:26:2426 info: Coneccion con mongoDB establecida
2023-01-08 19:24:26:2426 info: Coneccion con mongoDB establecida
2023-01-08 19:24:26:2426 info: Coneccion con mongoDB establecida
2023-01-08 19:24:26:2426 info: Coneccion con mongoDB establecida
2023-01-08 19:24:26:2426 info: Coneccion con mongoDB establecida
2023-01-08 19:24:26:2426 info: Coneccion con mongoDB establecida
2023-01-08 19:24:26:2426 info: Coneccion con mongoDB establecida
2023-01-08 19:24:31:2431 error: undefined
2023-01-08 19:26:49:2649 info: Servidor corriendo en el puerto 3000
2023-01-08 19:26:50:2650 info: Coneccion con mongoDB establecida
2023-01-08 19:26:50:2650 info: Coneccion con mongoDB establecida
2023-01-08 19:26:50:2650 info: Coneccion con mongoDB establecida
2023-01-08 19:26:50:2650 info: Coneccion con mongoDB establecida
2023-01-08 19:26:50:2650 info: Coneccion con mongoDB establecida
2023-01-08 19:26:50:2650 info: Coneccion con mongoDB establecida
2023-01-08 19:26:50:2650 info: Coneccion con mongoDB establecida
2023-01-08 19:26:50:2650 info: Coneccion con mongoDB establecida
2023-01-08 19:26:54:2654 error: undefined
2023-01-08 19:29:17:2917 info: Servidor corriendo en el puerto 3000
2023-01-08 19:29:18:2918 info: Coneccion con mongoDB establecida
2023-01-08 19:29:18:2918 info: Coneccion con mongoDB establecida
2023-01-08 19:29:18:2918 info: Coneccion con mongoDB establecida
2023-01-08 19:29:18:2918 info: Coneccion con mongoDB establecida
2023-01-08 19:29:18:2918 info: Coneccion con mongoDB establecida
2023-01-08 19:29:18:2918 info: Coneccion con mongoDB establecida
2023-01-08 19:29:18:2918 info: Coneccion con mongoDB establecida
2023-01-08 19:29:18:2918 info: Coneccion con mongoDB establecida
2023-01-08 19:29:44:2944 info: Servidor corriendo en el puerto 3000
2023-01-08 19:29:45:2945 info: Coneccion con mongoDB establecida
2023-01-08 19:29:45:2945 info: Coneccion con mongoDB establecida
2023-01-08 19:29:45:2945 info: Coneccion con mongoDB establecida
2023-01-08 19:29:45:2945 info: Coneccion con mongoDB establecida
2023-01-08 19:29:45:2945 info: Coneccion con mongoDB establecida
2023-01-08 19:29:45:2945 info: Coneccion con mongoDB establecida
2023-01-08 19:29:45:2945 info: Coneccion con mongoDB establecida
2023-01-08 19:29:45:2945 info: Coneccion con mongoDB establecida
2023-01-08 20:12:39:1239 info: Servidor corriendo en el puerto 3000
2023-01-08 20:13:22:1322 info: Servidor corriendo en el puerto 3000
2023-01-08 20:14:26:1426 info: Servidor corriendo en el puerto 3000
2023-01-08 20:15:00:150 info: Servidor corriendo en el puerto 3000
2023-01-08 20:15:21:1521 error: undefined
2023-01-08 20:25:44:2544 info: Servidor corriendo en el puerto 3000
2023-01-08 20:25:45:2545 error: undefined
2023-01-08 20:26:12:2612 info: Servidor corriendo en el puerto 3000
2023-01-08 20:26:15:2615 error: undefined
2023-01-08 20:26:33:2633 info: Servidor corriendo en el puerto 3000
2023-01-08 20:27:21:2721 info: Servidor corriendo en el puerto 3000
2023-01-08 20:27:38:2738 info: Servidor corriendo en el puerto 3000
2023-01-08 20:27:49:2749 info: Usuario Guardado correctamente
2023-01-08 20:29:36:2936 info: Servidor corriendo en el puerto 3000
2023-01-08 20:29:47:2947 info: Usuario Guardado correctamente
2023-01-08 20:40:02:402 info: Servidor corriendo en el puerto 3000
2023-01-08 20:46:01:461 info: Servidor corriendo en el puerto 3000
2023-01-08 20:46:07:467 info: Servidor corriendo en el puerto 3000
2023-01-08 20:46:10:4610 error: Error creando usuario
2023-01-08 20:46:10:4610 info: Pantalla de registro
2023-01-08 20:46:35:4635 info: Servidor corriendo en el puerto 3000
2023-01-08 20:56:05:565 info: Servidor corriendo en el puerto 3000
2023-01-08 20:56:08:568 info: Usuario Guardado correctamente
2023-01-08 21:09:17:917 info: Servidor corriendo en el puerto 3000
2023-01-08 21:09:54:954 info: Servidor corriendo en el puerto 3000
2023-01-08 21:30:05:305 info: Servidor corriendo en el puerto 3000
2023-01-08 21:43:57:4357 info: Servidor corriendo en el puerto 3000
2023-01-08 21:45:34:4534 info: Servidor corriendo en el puerto 3000
2023-01-08 21:46:39:4639 info: Servidor corriendo en el puerto 3000
2023-01-09 19:20:56:2056 info: Coneccion con mongoDB establecida
2023-01-09 19:20:56:2056 info: Coneccion con mongoDB establecida
2023-01-09 19:20:56:2056 info: Coneccion con mongoDB establecida
2023-01-09 19:20:56:2056 info: Coneccion con mongoDB establecida
2023-01-09 19:20:56:2056 info: Coneccion con mongoDB establecida
2023-01-09 19:20:56:2056 info: Coneccion con mongoDB establecida
2023-01-09 22:33:06:336 info: Servidor corriendo en el puerto 3000
2023-01-09 22:34:16:3416 info: Servidor corriendo en el puerto 3000
2023-01-09 22:37:31:3731 info: Servidor corriendo en el puerto 3000
2023-01-09 22:38:28:3828 info: Servidor corriendo en el puerto 3000
2023-01-09 22:46:57:4657 info: Servidor corriendo en el puerto 3000
2023-01-09 23:00:16:016 info: Pantalla de registro
2023-01-09 23:03:15:315 info: Servidor corriendo en el puerto 3000
2023-01-09 23:03:17:317 error: El usuario ya esta registrado en la base de datos
2023-01-09 23:03:18:318 info: Pantalla de registro
2023-01-09 23:03:48:348 info: Usuario Guardado correctamente
2023-01-09 23:05:21:521 info: Usuario Guardado correctamente
2023-01-10 07:36:16:3616 info: Coneccion con mongoDB establecida
2023-01-10 07:36:16:3616 info: Coneccion con mongoDB establecida
2023-01-10 07:36:16:3616 info: Coneccion con mongoDB establecida
2023-01-10 07:36:16:3616 info: Coneccion con mongoDB establecida
2023-01-10 07:36:16:3616 info: Coneccion con mongoDB establecida
2023-01-10 07:36:16:3616 info: Coneccion con mongoDB establecida
2023-01-10 08:10:30:1030 info: Servidor corriendo en el puerto 3000
2023-01-10 08:12:59:1259 info: Pantalla de inicio de session
2023-01-10 08:21:13:2113 info: Pantalla de registro
2023-01-10 08:21:48:2148 info: Pantalla de registro
2023-01-10 08:33:02:332 info: Servidor corriendo en el puerto 3000
2023-01-10 17:41:43:4143 info: Coneccion con mongoDB establecida
2023-01-10 17:41:43:4143 info: Coneccion con mongoDB establecida
2023-01-10 17:41:43:4143 info: Coneccion con mongoDB establecida
2023-01-10 17:41:43:4143 info: Coneccion con mongoDB establecida
2023-01-10 17:41:43:4143 info: Coneccion con mongoDB establecida
2023-01-10 17:41:43:4143 info: Coneccion con mongoDB establecida
2023-01-10 18:30:09:309 info: Servidor corriendo en el puerto 3000
2023-01-10 18:33:11:3311 info: Servidor corriendo en el puerto 3000
2023-01-10 18:33:22:3322 info: Servidor corriendo en el puerto 3000
2023-01-10 18:38:20:3820 info: Servidor corriendo en el puerto 3000
2023-01-10 18:59:43:5943 info: Servidor corriendo en el puerto 3000
2023-01-10 19:02:57:257 info: Servidor corriendo en el puerto 3000
2023-01-10 19:05:09:59 info: Servidor corriendo en el puerto 3000
2023-01-10 19:05:41:541 info: Servidor corriendo en el puerto 3000
2023-01-10 19:08:39:839 info: Servidor corriendo en el puerto 3000
2023-01-10 19:12:20:1220 info: Servidor corriendo en el puerto 3000
2023-01-10 19:16:21:1621 info: Servidor corriendo en el puerto 3000
2023-01-10 19:23:55:2355 info: Servidor corriendo en el puerto 3000
2023-01-10 19:24:00:240 error: Ha ocurrido un error ReferenceError: req is not defined
2023-01-10 19:32:39:3239 error: Ha ocurrido un error ReferenceError: req is not defined
2023-01-10 19:33:38:3338 info: Servidor corriendo en el puerto 3000
2023-01-10 19:33:39:3339 error: Ha ocurrido un error ReferenceError: req is not defined
2023-01-10 19:34:06:346 info: Servidor corriendo en el puerto 3000
2023-01-10 19:34:07:347 error: Ha ocurrido un error ReferenceError: req is not defined
2023-01-10 19:34:24:3424 info: Servidor corriendo en el puerto 3000
2023-01-10 19:34:29:3429 error: Ha ocurrido un error ReferenceError: req is not defined
2023-01-10 19:36:22:3622 info: Servidor corriendo en el puerto 3000
2023-01-10 19:36:28:3628 error: Ha ocurrido un error ReferenceError: req is not defined
2023-01-10 19:40:00:400 info: Servidor corriendo en el puerto 3000
2023-01-10 19:40:36:4036 info: Servidor corriendo en el puerto 3000
2023-01-10 19:41:12:4112 info: Servidor corriendo en el puerto 3000
2023-01-10 19:41:22:4122 info: Servidor corriendo en el puerto 3000
2023-01-10 19:41:31:4131 error: Ha ocurrido un error ReferenceError: $user is not defined
2023-01-10 19:41:53:4153 info: Servidor corriendo en el puerto 3000
2023-01-10 19:41:57:4157 error: Ha ocurrido un error ReferenceError: user is not defined
2023-01-10 19:42:10:4210 info: Servidor corriendo en el puerto 3000
2023-01-10 19:42:15:4215 error: Ha ocurrido un error ReferenceError: $user is not defined
2023-01-10 19:42:32:4232 info: Servidor corriendo en el puerto 3000
2023-01-10 19:42:35:4235 error: Ha ocurrido un error ReferenceError: $user is not defined
2023-01-10 19:45:01:451 info: Servidor corriendo en el puerto 3000
2023-01-10 19:45:48:4548 info: Servidor corriendo en el puerto 3000
2023-01-10 19:48:07:487 info: Servidor corriendo en el puerto 3000
2023-01-10 20:03:34:334 info: Servidor corriendo en el puerto 3000
2023-01-10 20:09:32:932 info: Servidor corriendo en el puerto 3000
2023-01-10 20:16:51:1651 info: Servidor corriendo en el puerto 3000
2023-01-10 20:17:18:1718 info: Servidor corriendo en el puerto 3000
2023-01-10 20:17:56:1756 info: Servidor corriendo en el puerto 3000
2023-01-10 20:21:00:210 info: Servidor corriendo en el puerto 3000
2023-01-10 20:21:05:215 info: Servidor corriendo en el puerto 3000
2023-01-10 21:00:17:017 info: Servidor corriendo en el puerto 3000
2023-01-10 21:03:19:319 info: Servidor corriendo en el puerto 3000
2023-01-10 21:03:35:335 info: Servidor corriendo en el puerto 3000
2023-01-10 21:07:06:76 info: Servidor corriendo en el puerto 3000
2023-01-10 21:07:43:743 info: Servidor corriendo en el puerto 3000
2023-01-10 21:08:24:824 info: Servidor corriendo en el puerto 3000
2023-01-10 21:08:52:852 info: Servidor corriendo en el puerto 3000
2023-01-10 21:14:37:1437 info: Servidor corriendo en el puerto 3000
2023-01-10 21:16:36:1636 info: Servidor corriendo en el puerto 3000
2023-01-10 21:18:09:189 info: Servidor corriendo en el puerto 3000
2023-01-10 21:18:12:1812 info: Servidor corriendo en el puerto 3000
2023-01-10 21:18:48:1848 info: Servidor corriendo en el puerto 3000
2023-01-10 21:19:09:199 info: Servidor corriendo en el puerto 3000
2023-01-10 21:20:36:2036 info: Servidor corriendo en el puerto 3000
2023-01-10 21:21:15:2115 info: Servidor corriendo en el puerto 3000
2023-01-10 21:21:51:2151 info: Servidor corriendo en el puerto 3000
2023-01-10 21:24:00:240 info: Servidor corriendo en el puerto 3000
2023-01-10 21:24:26:2426 info: Servidor corriendo en el puerto 3000
2023-01-10 21:27:54:2754 info: Servidor corriendo en el puerto 3000
2023-01-10 21:28:41:2841 info: Servidor corriendo en el puerto 3000
2023-01-10 21:29:25:2925 info: Servidor corriendo en el puerto 3000
2023-01-10 21:32:39:3239 info: Servidor corriendo en el puerto 3000
2023-01-10 21:32:52:3252 info: Servidor corriendo en el puerto 3000
2023-01-10 21:32:55:3255 info: Servidor corriendo en el puerto 3000
2023-01-10 21:33:30:3330 info: Servidor corriendo en el puerto 3000
2023-01-10 21:34:40:3440 info: Servidor corriendo en el puerto 3000
2023-01-10 21:35:06:356 info: Servidor corriendo en el puerto 3000
2023-01-10 21:35:48:3548 info: Servidor corriendo en el puerto 3000
2023-01-10 21:36:37:3637 info: Servidor corriendo en el puerto 3000
2023-01-10 21:39:27:3927 info: Servidor corriendo en el puerto 3000
2023-01-10 21:43:52:4352 info: Servidor corriendo en el puerto 3000
2023-01-10 21:47:15:4715 info: Servidor corriendo en el puerto 3000
2023-01-10 21:51:21:5121 info: Servidor corriendo en el puerto 3000
2023-01-10 21:51:27:5127 info: Servidor corriendo en el puerto 3000
2023-01-10 21:51:36:5136 info: Servidor corriendo en el puerto 3000
2023-01-10 21:52:02:522 info: Servidor corriendo en el puerto 3000
2023-01-10 21:53:43:5343 info: Servidor corriendo en el puerto 3000
2023-01-10 21:59:20:5920 info: Servidor corriendo en el puerto 3000
2023-01-10 22:00:03:03 info: Servidor corriendo en el puerto 3000
2023-01-10 22:00:18:018 error: undefined
2023-01-10 22:02:39:239 info: Servidor corriendo en el puerto 3000
2023-01-10 22:02:41:241 error: undefined
2023-01-10 22:04:43:443 info: Servidor corriendo en el puerto 3000
2023-01-10 22:04:46:446 error: undefined
2023-01-10 22:06:27:627 info: Servidor corriendo en el puerto 3000
2023-01-10 22:06:34:634 error: undefined
2023-01-10 22:06:50:650 info: Servidor corriendo en el puerto 3000
2023-01-10 22:07:00:70 error: undefined
2023-01-10 22:08:42:842 info: Servidor corriendo en el puerto 3000
2023-01-10 22:08:50:850 error: undefined
2023-01-10 22:09:41:941 info: Servidor corriendo en el puerto 3000
2023-01-10 22:09:46:946 error: undefined
2023-01-10 22:10:38:1038 info: Servidor corriendo en el puerto 3000
2023-01-10 22:10:40:1040 error: undefined
2023-01-10 22:10:53:1053 info: Servidor corriendo en el puerto 3000
2023-01-10 22:11:33:1133 info: Servidor corriendo en el puerto 3000
2023-01-10 22:11:43:1143 error: undefined
2023-01-10 22:14:25:1425 info: Servidor corriendo en el puerto 3000
2023-01-10 22:14:33:1433 error: undefined
2023-01-10 22:15:31:1531 info: Servidor corriendo en el puerto 3000
2023-01-10 22:15:36:1536 error: undefined
2023-01-10 22:17:35:1735 info: Servidor corriendo en el puerto 3000
2023-01-10 22:19:02:192 info: Servidor corriendo en el puerto 3000
2023-01-10 22:19:07:197 error: undefined
2023-01-10 22:19:50:1950 info: Servidor corriendo en el puerto 3000
2023-01-10 22:24:44:2444 info: Servidor corriendo en el puerto 3000
2023-01-10 22:25:00:250 error: undefined
2023-01-10 22:44:55:4455 info: Servidor corriendo en el puerto 3000
2023-01-10 22:44:59:4459 error: undefined
2023-01-10 22:46:52:4652 info: Servidor corriendo en el puerto 3000
2023-01-10 22:46:58:4658 error: undefined
2023-01-10 22:47:58:4758 info: Servidor corriendo en el puerto 3000
2023-01-10 22:48:10:4810 error: undefined
2023-01-10 22:49:42:4942 info: Servidor corriendo en el puerto 3000
2023-01-10 22:49:45:4945 error: undefined
2023-01-10 22:50:47:5047 info: Servidor corriendo en el puerto 3000
2023-01-10 22:50:49:5049 error: undefined
2023-01-10 22:51:11:5111 info: Servidor corriendo en el puerto 3000
2023-01-10 22:51:19:5119 error: undefined
2023-01-10 22:51:53:5153 info: Servidor corriendo en el puerto 3000
2023-01-10 22:51:59:5159 error: undefined
2023-01-10 22:52:21:5221 info: Servidor corriendo en el puerto 3000
2023-01-10 22:52:31:5231 info: Servidor corriendo en el puerto 3000
2023-01-10 22:53:44:5344 info: Servidor corriendo en el puerto 3000
2023-01-10 22:53:50:5350 error: undefined
2023-01-10 22:55:06:556 info: Servidor corriendo en el puerto 3000
2023-01-10 22:55:11:5511 error: undefined
2023-01-10 22:55:33:5533 info: Servidor corriendo en el puerto 3000
2023-01-10 22:55:39:5539 error: undefined
2023-01-10 22:57:33:5733 info: Servidor corriendo en el puerto 3000
2023-01-10 22:57:40:5740 error: undefined
2023-01-10 22:58:18:5818 info: Servidor corriendo en el puerto 3000
2023-01-10 22:58:21:5821 error: undefined
2023-01-10 22:59:19:5919 info: Servidor corriendo en el puerto 3000
2023-01-10 22:59:24:5924 error: undefined
2023-01-10 23:00:29:029 info: Servidor corriendo en el puerto 3000
2023-01-10 23:00:34:034 error: undefined
2023-01-10 23:08:05:85 info: Servidor corriendo en el puerto 3000
2023-01-10 23:08:16:816 error: undefined
2023-01-10 23:08:41:841 info: Servidor corriendo en el puerto 3000
2023-01-10 23:09:11:911 error: undefined
2023-01-10 23:09:47:947 error: undefined
2023-01-10 23:14:40:1440 info: Servidor corriendo en el puerto 3000
2023-01-10 23:14:48:1448 error: undefined
2023-01-10 23:17:31:1731 info: Servidor corriendo en el puerto 3000
2023-01-10 23:17:41:1741 error: undefined
2023-01-10 23:19:33:1933 info: Servidor corriendo en el puerto 3000
2023-01-10 23:20:08:208 info: Servidor corriendo en el puerto 3000
2023-01-10 23:20:14:2014 error: undefined
2023-01-10 23:20:42:2042 info: Servidor corriendo en el puerto 3000
2023-01-10 23:20:49:2049 error: undefined
2023-01-10 23:21:04:214 info: Servidor corriendo en el puerto 3000
2023-01-10 23:21:06:216 error: undefined
2023-01-10 23:21:37:2137 info: Servidor corriendo en el puerto 3000
2023-01-10 23:21:53:2153 info: Servidor corriendo en el puerto 3000
2023-01-10 23:21:57:2157 error: undefined
2023-01-10 23:22:38:2238 info: Servidor corriendo en el puerto 3000
2023-01-10 23:22:45:2245 error: undefined
2023-01-10 23:23:06:236 info: Servidor corriendo en el puerto 3000
2023-01-10 23:23:10:2310 error: undefined
2023-01-10 23:24:08:248 info: Servidor corriendo en el puerto 3000
2023-01-10 23:24:11:2411 error: undefined
2023-01-10 23:24:33:2433 info: Servidor corriendo en el puerto 3000
2023-01-10 23:24:35:2435 error: undefined
2023-01-10 23:25:01:251 info: Servidor corriendo en el puerto 3000
2023-01-10 23:25:09:259 error: undefined
2023-01-10 23:26:49:2649 info: Servidor corriendo en el puerto 3000
2023-01-10 23:26:56:2656 error: undefined
2023-01-10 23:27:15:2715 info: Servidor corriendo en el puerto 3000
2023-01-10 23:27:17:2717 error: undefined
2023-01-11 06:45:55:4555 info: Coneccion con mongoDB establecida
2023-01-11 06:45:55:4555 info: Coneccion con mongoDB establecida
2023-01-11 06:45:55:4555 info: Coneccion con mongoDB establecida
2023-01-11 06:45:55:4555 info: Coneccion con mongoDB establecida
2023-01-11 06:45:55:4555 info: Coneccion con mongoDB establecida
2023-01-11 06:45:55:4555 info: Coneccion con mongoDB establecida
2023-01-11 06:45:55:4555 info: Coneccion con mongoDB establecida
2023-01-11 06:45:55:4555 info: Coneccion con mongoDB establecida
2023-01-11 06:45:55:4555 info: Coneccion con mongoDB establecida
2023-01-11 06:45:55:4555 info: Coneccion con mongoDB establecida
2023-01-11 06:45:55:4555 info: Coneccion con mongoDB establecida
2023-01-11 06:45:55:4555 info: Coneccion con mongoDB establecida
2023-01-11 21:18:34:1834 info: Servidor corriendo en el puerto 3000
2023-01-11 21:20:15:2015 info: Servidor corriendo en el puerto 3000
2023-01-11 21:21:08:218 info: Servidor corriendo en el puerto 3000
2023-01-11 21:31:24:3124 info: Servidor corriendo en el puerto 3000
2023-01-11 21:31:41:3141 info: Servidor corriendo en el puerto 3000
