2023-01-08 18:58:30:5830 error: undefined
2023-01-08 19:05:34:534 error: undefined
2023-01-08 19:22:43:2243 error: undefined
2023-01-08 19:24:31:2431 error: undefined
2023-01-08 19:26:54:2654 error: undefined
2023-01-08 20:15:21:1521 error: undefined
2023-01-08 20:25:45:2545 error: undefined
2023-01-08 20:26:15:2615 error: undefined
2023-01-08 20:46:10:4610 error: Error creando usuario
2023-01-09 23:03:17:317 error: El usuario ya esta registrado en la base de datos
2023-01-10 19:24:00:240 error: Ha ocurrido un error ReferenceError: req is not defined
2023-01-10 19:32:39:3239 error: Ha ocurrido un error ReferenceError: req is not defined
2023-01-10 19:33:39:3339 error: Ha ocurrido un error ReferenceError: req is not defined
2023-01-10 19:34:07:347 error: Ha ocurrido un error ReferenceError: req is not defined
2023-01-10 19:34:29:3429 error: Ha ocurrido un error ReferenceError: req is not defined
2023-01-10 19:36:28:3628 error: Ha ocurrido un error ReferenceError: req is not defined
2023-01-10 19:41:31:4131 error: Ha ocurrido un error ReferenceError: $user is not defined
2023-01-10 19:41:57:4157 error: Ha ocurrido un error ReferenceError: user is not defined
2023-01-10 19:42:15:4215 error: Ha ocurrido un error ReferenceError: $user is not defined
2023-01-10 19:42:35:4235 error: Ha ocurrido un error ReferenceError: $user is not defined
2023-01-10 22:00:18:018 error: undefined
2023-01-10 22:02:41:241 error: undefined
2023-01-10 22:04:46:446 error: undefined
2023-01-10 22:06:34:634 error: undefined
2023-01-10 22:07:00:70 error: undefined
2023-01-10 22:08:50:850 error: undefined
2023-01-10 22:09:46:946 error: undefined
2023-01-10 22:10:40:1040 error: undefined
2023-01-10 22:11:43:1143 error: undefined
2023-01-10 22:14:33:1433 error: undefined
2023-01-10 22:15:36:1536 error: undefined
2023-01-10 22:19:07:197 error: undefined
2023-01-10 22:25:00:250 error: undefined
2023-01-10 22:44:59:4459 error: undefined
2023-01-10 22:46:58:4658 error: undefined
2023-01-10 22:48:10:4810 error: undefined
2023-01-10 22:49:45:4945 error: undefined
2023-01-10 22:50:49:5049 error: undefined
2023-01-10 22:51:19:5119 error: undefined
2023-01-10 22:51:59:5159 error: undefined
2023-01-10 22:53:50:5350 error: undefined
2023-01-10 22:55:11:5511 error: undefined
2023-01-10 22:55:39:5539 error: undefined
2023-01-10 22:57:40:5740 error: undefined
2023-01-10 22:58:21:5821 error: undefined
2023-01-10 22:59:24:5924 error: undefined
2023-01-10 23:00:34:034 error: undefined
2023-01-10 23:08:16:816 error: undefined
2023-01-10 23:09:11:911 error: undefined
2023-01-10 23:09:47:947 error: undefined
2023-01-10 23:14:48:1448 error: undefined
2023-01-10 23:17:41:1741 error: undefined
2023-01-10 23:20:14:2014 error: undefined
2023-01-10 23:20:49:2049 error: undefined
2023-01-10 23:21:06:216 error: undefined
2023-01-10 23:21:57:2157 error: undefined
2023-01-10 23:22:45:2245 error: undefined
2023-01-10 23:23:10:2310 error: undefined
2023-01-10 23:24:11:2411 error: undefined
2023-01-10 23:24:35:2435 error: undefined
2023-01-10 23:25:09:259 error: undefined
2023-01-10 23:26:56:2656 error: undefined
2023-01-10 23:27:17:2717 error: undefined
2023-01-12 21:06:17:617 error: undefined
2023-01-12 21:16:02:162 error: undefined
2023-01-12 21:18:21:1821 error: undefined
2023-01-12 21:23:17:2317 error: undefined
2023-01-12 22:11:52:1152 error: undefined
2023-01-12 22:12:51:1251 error: undefined
2023-01-14 08:49:46:4946 error: Error creando usuario
2023-01-14 09:03:13:313 error: El usuario ya esta registrado en la base de datos
2023-01-14 09:10:16:1016 error: El usuario ya esta registrado en la base de datos
2023-01-14 09:10:34:1034 error: El usuario ya esta registrado en la base de datos
2023-01-14 09:10:49:1049 error: Error creando usuario
2023-01-14 09:12:16:1216 error: Error creando usuario
2023-01-14 09:13:16:1316 error: Error creando usuario
2023-01-15 08:28:33:2833 error: undefined
2023-01-15 08:33:37:3337 error: undefined
2023-01-15 08:34:10:3410 error: undefined
2023-01-15 08:53:16:5316 error: undefined
2023-01-15 10:04:54:454 error: undefined
2023-01-15 10:05:30:530 error: undefined
2023-01-16 22:20:43:2043 error: undefined
2023-01-16 22:22:17:2217 error: undefined
2023-01-16 22:24:17:2417 error: undefined
2023-01-16 22:25:59:2559 error: undefined
